<?xml version="1.0" encoding="UTF-8"?>
<testsuite name="sky.yp.YourPlannerApplicationTests" tests="1" skipped="0" failures="0" errors="0" timestamp="2024-06-19T13:43:09" hostname="DESKTOP-JP8JOAP" time="0.199">
  <properties/>
  <testcase name="contextLoads()" classname="sky.yp.YourPlannerApplicationTests" time="0.199"/>
  <system-out><![CDATA[22:43:02.114 [Test worker] DEBUG org.springframework.test.context.BootstrapUtils - Instantiating CacheAwareContextLoaderDelegate from class [org.springframework.test.context.cache.DefaultCacheAwareContextLoaderDelegate]
22:43:02.133 [Test worker] DEBUG org.springframework.test.context.BootstrapUtils - Instantiating BootstrapContext using constructor [public org.springframework.test.context.support.DefaultBootstrapContext(java.lang.Class,org.springframework.test.context.CacheAwareContextLoaderDelegate)]
22:43:02.195 [Test worker] DEBUG org.springframework.test.context.BootstrapUtils - Instantiating TestContextBootstrapper for test class [sky.yp.YourPlannerApplicationTests] from class [org.springframework.boot.test.context.SpringBootTestContextBootstrapper]
22:43:02.221 [Test worker] INFO org.springframework.boot.test.context.SpringBootTestContextBootstrapper - Neither @ContextConfiguration nor @ContextHierarchy found for test class [sky.yp.YourPlannerApplicationTests], using SpringBootContextLoader
22:43:02.235 [Test worker] DEBUG org.springframework.test.context.support.AbstractContextLoader - Did not detect default resource location for test class [sky.yp.YourPlannerApplicationTests]: class path resource [sky/yp/YourPlannerApplicationTests-context.xml] does not exist
22:43:02.237 [Test worker] DEBUG org.springframework.test.context.support.AbstractContextLoader - Did not detect default resource location for test class [sky.yp.YourPlannerApplicationTests]: class path resource [sky/yp/YourPlannerApplicationTestsContext.groovy] does not exist
22:43:02.238 [Test worker] INFO org.springframework.test.context.support.AbstractContextLoader - Could not detect default resource locations for test class [sky.yp.YourPlannerApplicationTests]: no resource found for suffixes {-context.xml, Context.groovy}.
22:43:02.239 [Test worker] INFO org.springframework.test.context.support.AnnotationConfigContextLoaderUtils - Could not detect default configuration classes for test class [sky.yp.YourPlannerApplicationTests]: YourPlannerApplicationTests does not declare any static, non-private, non-final, nested classes annotated with @Configuration.
22:43:02.336 [Test worker] DEBUG org.springframework.test.context.support.ActiveProfilesUtils - Could not find an 'annotation declaring class' for annotation type [org.springframework.test.context.ActiveProfiles] and class [sky.yp.YourPlannerApplicationTests]
22:43:02.451 [Test worker] DEBUG org.springframework.context.annotation.ClassPathScanningCandidateComponentProvider - Identified candidate component class: file [C:\Users\윤기섭\Documents\GitHub\YourPlanner\build\classes\java\main\sky\yp\YourPlannerApplication.class]
22:43:02.454 [Test worker] INFO org.springframework.boot.test.context.SpringBootTestContextBootstrapper - Found @SpringBootConfiguration sky.yp.YourPlannerApplication for test class sky.yp.YourPlannerApplicationTests
22:43:02.630 [Test worker] DEBUG org.springframework.boot.test.context.SpringBootTestContextBootstrapper - @TestExecutionListeners is not present for class [sky.yp.YourPlannerApplicationTests]: using defaults.
22:43:02.631 [Test worker] INFO org.springframework.boot.test.context.SpringBootTestContextBootstrapper - Loaded default TestExecutionListener class names from location [META-INF/spring.factories]: [org.springframework.boot.test.autoconfigure.restdocs.RestDocsTestExecutionListener, org.springframework.boot.test.autoconfigure.web.client.MockRestServiceServerResetTestExecutionListener, org.springframework.boot.test.autoconfigure.web.servlet.MockMvcPrintOnlyOnFailureTestExecutionListener, org.springframework.boot.test.autoconfigure.web.servlet.WebDriverTestExecutionListener, org.springframework.boot.test.autoconfigure.webservices.client.MockWebServiceServerTestExecutionListener, org.springframework.boot.test.mock.mockito.MockitoTestExecutionListener, org.springframework.boot.test.mock.mockito.ResetMocksTestExecutionListener, org.springframework.test.context.web.ServletTestExecutionListener, org.springframework.test.context.support.DirtiesContextBeforeModesTestExecutionListener, org.springframework.test.context.event.ApplicationEventsTestExecutionListener, org.springframework.test.context.support.DependencyInjectionTestExecutionListener, org.springframework.test.context.support.DirtiesContextTestExecutionListener, org.springframework.test.context.transaction.TransactionalTestExecutionListener, org.springframework.test.context.jdbc.SqlScriptsTestExecutionListener, org.springframework.test.context.event.EventPublishingTestExecutionListener]
22:43:02.660 [Test worker] INFO org.springframework.boot.test.context.SpringBootTestContextBootstrapper - Using TestExecutionListeners: [org.springframework.test.context.web.ServletTestExecutionListener@1e5f4170, org.springframework.test.context.support.DirtiesContextBeforeModesTestExecutionListener@6c345c5f, org.springframework.test.context.event.ApplicationEventsTestExecutionListener@6b5966e1, org.springframework.boot.test.mock.mockito.MockitoTestExecutionListener@65e61854, org.springframework.boot.test.autoconfigure.SpringBootDependencyInjectionTestExecutionListener@1568159, org.springframework.test.context.support.DirtiesContextTestExecutionListener@4fcee388, org.springframework.test.context.transaction.TransactionalTestExecutionListener@6f80fafe, org.springframework.test.context.jdbc.SqlScriptsTestExecutionListener@3af17be2, org.springframework.test.context.event.EventPublishingTestExecutionListener@f9879ac, org.springframework.boot.test.autoconfigure.restdocs.RestDocsTestExecutionListener@37f21974, org.springframework.boot.test.autoconfigure.web.client.MockRestServiceServerResetTestExecutionListener@5f4d427e, org.springframework.boot.test.autoconfigure.web.servlet.MockMvcPrintOnlyOnFailureTestExecutionListener@6e521c1e, org.springframework.boot.test.autoconfigure.web.servlet.WebDriverTestExecutionListener@224b4d61, org.springframework.boot.test.autoconfigure.webservices.client.MockWebServiceServerTestExecutionListener@5d5d9e5, org.springframework.boot.test.mock.mockito.ResetMocksTestExecutionListener@303e3593]
22:43:02.667 [Test worker] DEBUG org.springframework.test.context.support.AbstractDirtiesContextTestExecutionListener - Before test class: context [DefaultTestContext@2f94c4db testClass = YourPlannerApplicationTests, testInstance = [null], testMethod = [null], testException = [null], mergedContextConfiguration = [WebMergedContextConfiguration@593e824f testClass = YourPlannerApplicationTests, locations = '{}', classes = '{class sky.yp.YourPlannerApplication}', contextInitializerClasses = '[]', activeProfiles = '{}', propertySourceLocations = '{}', propertySourceProperties = '{org.springframework.boot.test.context.SpringBootTestContextBootstrapper=true}', contextCustomizers = set[org.springframework.boot.test.autoconfigure.actuate.metrics.MetricsExportContextCustomizerFactory$DisableMetricExportContextCustomizer@50468873, org.springframework.boot.test.autoconfigure.properties.PropertyMappingContextCustomizer@0, org.springframework.boot.test.autoconfigure.web.servlet.WebDriverContextCustomizerFactory$Customizer@6127a7e, org.springframework.boot.test.context.filter.ExcludeFilterContextCustomizer@79d94571, org.springframework.boot.test.json.DuplicateJsonObjectContextCustomizerFactory$DuplicateJsonObjectContextCustomizer@55dfcc6, org.springframework.boot.test.mock.mockito.MockitoContextCustomizer@0, org.springframework.boot.test.web.client.TestRestTemplateContextCustomizer@74c79fa2, org.springframework.boot.test.context.SpringBootTestArgs@1, org.springframework.boot.test.context.SpringBootTestWebEnvironment@13fd2ccd], resourceBasePath = 'src/main/webapp', contextLoader = 'org.springframework.boot.test.context.SpringBootContextLoader', parent = [null]], attributes = map['org.springframework.test.context.web.ServletTestExecutionListener.activateListener' -> true]], class annotated with @DirtiesContext [false] with mode [null].
22:43:03,068 |-INFO in ch.qos.logback.core.joran.action.AppenderAction - About to instantiate appender of type [ch.qos.logback.core.ConsoleAppender]
22:43:03,068 |-INFO in ch.qos.logback.core.joran.action.AppenderAction - Naming appender as [console]
22:43:03,073 |-INFO in ch.qos.logback.core.joran.action.NestedComplexPropertyIA - Assuming default type [ch.qos.logback.classic.encoder.PatternLayoutEncoder] for [encoder] property
22:43:03,095 |-INFO in ch.qos.logback.core.joran.action.AppenderAction - About to instantiate appender of type [ch.qos.logback.core.ConsoleAppender]
22:43:03,095 |-INFO in ch.qos.logback.core.joran.action.AppenderAction - Naming appender as [console-infolog]
22:43:03,095 |-INFO in ch.qos.logback.core.joran.action.NestedComplexPropertyIA - Assuming default type [ch.qos.logback.classic.encoder.PatternLayoutEncoder] for [encoder] property
22:43:03,096 |-INFO in ch.qos.logback.classic.joran.action.LoggerAction - Setting level of logger [com.sky.lms_web_service] to DEBUG
22:43:03,096 |-INFO in ch.qos.logback.classic.jul.LevelChangePropagator@5e840abf - Propagating DEBUG level on Logger[com.sky.lms_web_service] onto the JUL framework
22:43:03,096 |-INFO in ch.qos.logback.classic.joran.action.LoggerAction - Setting level of logger [jdbc.sqlonly] to INFO
22:43:03,097 |-INFO in ch.qos.logback.classic.jul.LevelChangePropagator@5e840abf - Propagating INFO level on Logger[jdbc.sqlonly] onto the JUL framework
22:43:03,097 |-INFO in ch.qos.logback.classic.joran.action.LoggerAction - Setting level of logger [jdbc.resultsettable] to INFO
22:43:03,097 |-INFO in ch.qos.logback.classic.jul.LevelChangePropagator@5e840abf - Propagating INFO level on Logger[jdbc.resultsettable] onto the JUL framework
22:43:03,097 |-INFO in ch.qos.logback.classic.joran.action.LoggerAction - Setting level of logger [org.springframework] to ERROR
22:43:03,097 |-INFO in ch.qos.logback.classic.jul.LevelChangePropagator@5e840abf - Propagating ERROR level on Logger[org.springframework] onto the JUL framework
22:43:03,097 |-INFO in ch.qos.logback.classic.joran.action.LoggerAction - Setting level of logger [org.springframework.jdbc] to ERROR
22:43:03,097 |-INFO in ch.qos.logback.classic.jul.LevelChangePropagator@5e840abf - Propagating ERROR level on Logger[org.springframework.jdbc] onto the JUL framework
22:43:03,097 |-INFO in ch.qos.logback.classic.joran.action.RootLoggerAction - Setting level of ROOT logger to ERROR
22:43:03,097 |-INFO in ch.qos.logback.classic.jul.LevelChangePropagator@5e840abf - Propagating ERROR level on Logger[ROOT] onto the JUL framework
22:43:03,097 |-INFO in ch.qos.logback.core.joran.action.AppenderRefAction - Attaching appender named [console] to Logger[ROOT]
22:43:03,097 |-INFO in ch.qos.logback.classic.joran.action.ConfigurationAction - End of configuration.
22:43:03,098 |-INFO in org.springframework.boot.logging.logback.SpringBootJoranConfigurator@6075b2d3 - Registering current configuration as safe fallback point
22:43:03,102 |-INFO in ch.qos.logback.classic.jul.LevelChangePropagator@5e840abf - Propagating DEBUG level on Logger[org.springframework.web.reactive.function.client] onto the JUL framework
22:43:03,102 |-INFO in ch.qos.logback.classic.jul.LevelChangePropagator@5e840abf - Propagating DEBUG level on Logger[reactor.netty.http.client] onto the JUL framework

  .   ____          _            __ _ _
 /\\ / ___'_ __ _ _(_)_ __  __ _ \ \ \ \
( ( )\___ | '_ | '_| | '_ \/ _` | \ \ \ \
 \\/  ___)| |_)| | | | | || (_| |  ) ) ) )
  '  |____| .__|_| |_|_| |_\__, | / / / /
 =========|_|==============|___/=/_/_/_/
 :: Spring Boot ::               (v2.7.18)

Hibernate: 
    
    create table accommodation (
       accno integer generated by default as identity,
        accaddress varchar(255),
        accimg varchar(255),
        accname varchar(255),
        acctel varchar(255),
        saveno integer,
        userno integer,
        primary key (accno)
    )
Hibernate: 
    
    create table restaurant (
       resno integer generated by default as identity,
        resaddress varchar(255),
        resimg varchar(255),
        resname varchar(255),
        restel varchar(255),
        saveno integer,
        userno integer,
        primary key (resno)
    )
Hibernate: 
    
    create table save (
       save_no integer generated by default as identity,
        end_date varchar(255),
        end_place varchar(255),
        first_date varchar(255),
        first_place varchar(255),
        save_title varchar(255),
        todo varchar(255),
        user_no integer not null,
        primary key (save_no)
    )
Hibernate: 
    
    create table tour (
       tourno integer generated by default as identity,
        saveno integer,
        touraddress varchar(255),
        tourimg varchar(255),
        tourname varchar(255),
        userno integer,
        primary key (tourno)
    )
Hibernate: 
    
    create table transportation (
       transno integer generated by default as identity,
        endplace varchar(255),
        endtime bigint,
        firstplace varchar(255),
        firsttime bigint,
        saveno integer,
        transname varchar(255),
        userno integer,
        primary key (transno)
    )
Hibernate: 
    
    create table users (
       user_no integer generated by default as identity,
        email varchar(255),
        login_id varchar(255),
        pw varchar(255),
        tel varchar(255),
        primary key (user_no)
    )
]]></system-out>
  <system-err><![CDATA[]]></system-err>
</testsuite>
