<?xml version="1.0" encoding="UTF-8"?>
<testsuite name="sky.yp.YourPlannerApplicationTests" tests="1" skipped="0" failures="0" errors="0" timestamp="2024-06-07T15:35:27" hostname="DESKTOP-EQGAT4U" time="0.155">
  <properties/>
  <testcase name="contextLoads()" classname="sky.yp.YourPlannerApplicationTests" time="0.155"/>
  <system-out><![CDATA[00:35:23.366 [Test worker] DEBUG org.springframework.test.context.BootstrapUtils - Instantiating CacheAwareContextLoaderDelegate from class [org.springframework.test.context.cache.DefaultCacheAwareContextLoaderDelegate]
00:35:23.376 [Test worker] DEBUG org.springframework.test.context.BootstrapUtils - Instantiating BootstrapContext using constructor [public org.springframework.test.context.support.DefaultBootstrapContext(java.lang.Class,org.springframework.test.context.CacheAwareContextLoaderDelegate)]
00:35:23.408 [Test worker] DEBUG org.springframework.test.context.BootstrapUtils - Instantiating TestContextBootstrapper for test class [sky.yp.YourPlannerApplicationTests] from class [org.springframework.boot.test.context.SpringBootTestContextBootstrapper]
00:35:23.423 [Test worker] INFO org.springframework.boot.test.context.SpringBootTestContextBootstrapper - Neither @ContextConfiguration nor @ContextHierarchy found for test class [sky.yp.YourPlannerApplicationTests], using SpringBootContextLoader
00:35:23.427 [Test worker] DEBUG org.springframework.test.context.support.AbstractContextLoader - Did not detect default resource location for test class [sky.yp.YourPlannerApplicationTests]: class path resource [sky/yp/YourPlannerApplicationTests-context.xml] does not exist
00:35:23.427 [Test worker] DEBUG org.springframework.test.context.support.AbstractContextLoader - Did not detect default resource location for test class [sky.yp.YourPlannerApplicationTests]: class path resource [sky/yp/YourPlannerApplicationTestsContext.groovy] does not exist
00:35:23.427 [Test worker] INFO org.springframework.test.context.support.AbstractContextLoader - Could not detect default resource locations for test class [sky.yp.YourPlannerApplicationTests]: no resource found for suffixes {-context.xml, Context.groovy}.
00:35:23.428 [Test worker] INFO org.springframework.test.context.support.AnnotationConfigContextLoaderUtils - Could not detect default configuration classes for test class [sky.yp.YourPlannerApplicationTests]: YourPlannerApplicationTests does not declare any static, non-private, non-final, nested classes annotated with @Configuration.
00:35:23.461 [Test worker] DEBUG org.springframework.test.context.support.ActiveProfilesUtils - Could not find an 'annotation declaring class' for annotation type [org.springframework.test.context.ActiveProfiles] and class [sky.yp.YourPlannerApplicationTests]
00:35:23.511 [Test worker] DEBUG org.springframework.context.annotation.ClassPathScanningCandidateComponentProvider - Identified candidate component class: file [C:\Users\cy\Documents\GitHub\YourPlanner\build\classes\java\main\sky\yp\YourPlannerApplication.class]
00:35:23.512 [Test worker] INFO org.springframework.boot.test.context.SpringBootTestContextBootstrapper - Found @SpringBootConfiguration sky.yp.YourPlannerApplication for test class sky.yp.YourPlannerApplicationTests
00:35:23.600 [Test worker] DEBUG org.springframework.boot.test.context.SpringBootTestContextBootstrapper - @TestExecutionListeners is not present for class [sky.yp.YourPlannerApplicationTests]: using defaults.
00:35:23.600 [Test worker] INFO org.springframework.boot.test.context.SpringBootTestContextBootstrapper - Loaded default TestExecutionListener class names from location [META-INF/spring.factories]: [org.springframework.boot.test.autoconfigure.restdocs.RestDocsTestExecutionListener, org.springframework.boot.test.autoconfigure.web.client.MockRestServiceServerResetTestExecutionListener, org.springframework.boot.test.autoconfigure.web.servlet.MockMvcPrintOnlyOnFailureTestExecutionListener, org.springframework.boot.test.autoconfigure.web.servlet.WebDriverTestExecutionListener, org.springframework.boot.test.autoconfigure.webservices.client.MockWebServiceServerTestExecutionListener, org.springframework.boot.test.mock.mockito.MockitoTestExecutionListener, org.springframework.boot.test.mock.mockito.ResetMocksTestExecutionListener, org.springframework.test.context.web.ServletTestExecutionListener, org.springframework.test.context.support.DirtiesContextBeforeModesTestExecutionListener, org.springframework.test.context.event.ApplicationEventsTestExecutionListener, org.springframework.test.context.support.DependencyInjectionTestExecutionListener, org.springframework.test.context.support.DirtiesContextTestExecutionListener, org.springframework.test.context.transaction.TransactionalTestExecutionListener, org.springframework.test.context.jdbc.SqlScriptsTestExecutionListener, org.springframework.test.context.event.EventPublishingTestExecutionListener]
00:35:23.618 [Test worker] INFO org.springframework.boot.test.context.SpringBootTestContextBootstrapper - Using TestExecutionListeners: [org.springframework.test.context.web.ServletTestExecutionListener@6c67e137, org.springframework.test.context.support.DirtiesContextBeforeModesTestExecutionListener@2c9399a4, org.springframework.test.context.event.ApplicationEventsTestExecutionListener@191ae03f, org.springframework.boot.test.mock.mockito.MockitoTestExecutionListener@9635fa, org.springframework.boot.test.autoconfigure.SpringBootDependencyInjectionTestExecutionListener@53ab0286, org.springframework.test.context.support.DirtiesContextTestExecutionListener@63c5efee, org.springframework.test.context.transaction.TransactionalTestExecutionListener@2d10e0b1, org.springframework.test.context.jdbc.SqlScriptsTestExecutionListener@1c98290c, org.springframework.test.context.event.EventPublishingTestExecutionListener@172ca72b, org.springframework.boot.test.autoconfigure.restdocs.RestDocsTestExecutionListener@5bda80bf, org.springframework.boot.test.autoconfigure.web.client.MockRestServiceServerResetTestExecutionListener@71e5f61d, org.springframework.boot.test.autoconfigure.web.servlet.MockMvcPrintOnlyOnFailureTestExecutionListener@2ce86164, org.springframework.boot.test.autoconfigure.web.servlet.WebDriverTestExecutionListener@5e8f9e2d, org.springframework.boot.test.autoconfigure.webservices.client.MockWebServiceServerTestExecutionListener@51df223b, org.springframework.boot.test.mock.mockito.ResetMocksTestExecutionListener@fd46303]
00:35:23.622 [Test worker] DEBUG org.springframework.test.context.support.AbstractDirtiesContextTestExecutionListener - Before test class: context [DefaultTestContext@5f3b9c57 testClass = YourPlannerApplicationTests, testInstance = [null], testMethod = [null], testException = [null], mergedContextConfiguration = [WebMergedContextConfiguration@1e044120 testClass = YourPlannerApplicationTests, locations = '{}', classes = '{class sky.yp.YourPlannerApplication}', contextInitializerClasses = '[]', activeProfiles = '{}', propertySourceLocations = '{}', propertySourceProperties = '{org.springframework.boot.test.context.SpringBootTestContextBootstrapper=true}', contextCustomizers = set[org.springframework.boot.test.autoconfigure.actuate.metrics.MetricsExportContextCustomizerFactory$DisableMetricExportContextCustomizer@1941a8ff, org.springframework.boot.test.autoconfigure.properties.PropertyMappingContextCustomizer@0, org.springframework.boot.test.autoconfigure.web.servlet.WebDriverContextCustomizerFactory$Customizer@7502291e, org.springframework.boot.test.context.filter.ExcludeFilterContextCustomizer@63798ca7, org.springframework.boot.test.json.DuplicateJsonObjectContextCustomizerFactory$DuplicateJsonObjectContextCustomizer@2a448449, org.springframework.boot.test.mock.mockito.MockitoContextCustomizer@0, org.springframework.boot.test.web.client.TestRestTemplateContextCustomizer@4758820d, org.springframework.boot.test.context.SpringBootTestArgs@1, org.springframework.boot.test.context.SpringBootTestWebEnvironment@7c711375], resourceBasePath = 'src/main/webapp', contextLoader = 'org.springframework.boot.test.context.SpringBootContextLoader', parent = [null]], attributes = map['org.springframework.test.context.web.ServletTestExecutionListener.activateListener' -> true]], class annotated with @DirtiesContext [false] with mode [null].
00:35:23,858 |-INFO in ch.qos.logback.core.joran.action.AppenderAction - About to instantiate appender of type [ch.qos.logback.core.ConsoleAppender]
00:35:23,858 |-INFO in ch.qos.logback.core.joran.action.AppenderAction - Naming appender as [console]
00:35:23,862 |-INFO in ch.qos.logback.core.joran.action.NestedComplexPropertyIA - Assuming default type [ch.qos.logback.classic.encoder.PatternLayoutEncoder] for [encoder] property
00:35:23,879 |-INFO in ch.qos.logback.core.joran.action.AppenderAction - About to instantiate appender of type [ch.qos.logback.core.ConsoleAppender]
00:35:23,879 |-INFO in ch.qos.logback.core.joran.action.AppenderAction - Naming appender as [console-infolog]
00:35:23,879 |-INFO in ch.qos.logback.core.joran.action.NestedComplexPropertyIA - Assuming default type [ch.qos.logback.classic.encoder.PatternLayoutEncoder] for [encoder] property
00:35:23,880 |-INFO in ch.qos.logback.classic.joran.action.LoggerAction - Setting level of logger [com.sky.lms_web_service] to DEBUG
00:35:23,880 |-INFO in ch.qos.logback.classic.jul.LevelChangePropagator@6b580b88 - Propagating DEBUG level on Logger[com.sky.lms_web_service] onto the JUL framework
00:35:23,880 |-INFO in ch.qos.logback.classic.joran.action.LoggerAction - Setting level of logger [jdbc.sqlonly] to INFO
00:35:23,880 |-INFO in ch.qos.logback.classic.jul.LevelChangePropagator@6b580b88 - Propagating INFO level on Logger[jdbc.sqlonly] onto the JUL framework
00:35:23,881 |-INFO in ch.qos.logback.classic.joran.action.LoggerAction - Setting level of logger [jdbc.resultsettable] to INFO
00:35:23,881 |-INFO in ch.qos.logback.classic.jul.LevelChangePropagator@6b580b88 - Propagating INFO level on Logger[jdbc.resultsettable] onto the JUL framework
00:35:23,881 |-INFO in ch.qos.logback.classic.joran.action.LoggerAction - Setting level of logger [org.springframework] to ERROR
00:35:23,881 |-INFO in ch.qos.logback.classic.jul.LevelChangePropagator@6b580b88 - Propagating ERROR level on Logger[org.springframework] onto the JUL framework
00:35:23,881 |-INFO in ch.qos.logback.classic.joran.action.LoggerAction - Setting level of logger [org.springframework.jdbc] to ERROR
00:35:23,881 |-INFO in ch.qos.logback.classic.jul.LevelChangePropagator@6b580b88 - Propagating ERROR level on Logger[org.springframework.jdbc] onto the JUL framework
00:35:23,881 |-INFO in ch.qos.logback.classic.joran.action.RootLoggerAction - Setting level of ROOT logger to ERROR
00:35:23,881 |-INFO in ch.qos.logback.classic.jul.LevelChangePropagator@6b580b88 - Propagating ERROR level on Logger[ROOT] onto the JUL framework
00:35:23,881 |-INFO in ch.qos.logback.core.joran.action.AppenderRefAction - Attaching appender named [console] to Logger[ROOT]
00:35:23,881 |-INFO in ch.qos.logback.classic.joran.action.ConfigurationAction - End of configuration.
00:35:23,881 |-INFO in org.springframework.boot.logging.logback.SpringBootJoranConfigurator@27f1bbe0 - Registering current configuration as safe fallback point
00:35:23,894 |-INFO in ch.qos.logback.classic.jul.LevelChangePropagator@6b580b88 - Propagating DEBUG level on Logger[org.springframework.web.reactive.function.client] onto the JUL framework
00:35:23,894 |-INFO in ch.qos.logback.classic.jul.LevelChangePropagator@6b580b88 - Propagating DEBUG level on Logger[reactor.netty.http.client] onto the JUL framework

  .   ____          _            __ _ _
 /\\ / ___'_ __ _ _(_)_ __  __ _ \ \ \ \
( ( )\___ | '_ | '_| | '_ \/ _` | \ \ \ \
 \\/  ___)| |_)| | | | | || (_| |  ) ) ) )
  '  |____| .__|_| |_|_| |_\__, | / / / /
 =========|_|==============|___/=/_/_/_/
 :: Spring Boot ::               (v2.7.18)

Hibernate: 
    
    create table accommodation (
       acc_no integer generated by default as identity,
        acc_address varchar(255),
        acc_img varchar(255),
        acc_name varchar(255),
        acc_tel varchar(255),
        save_no integer not null,
        user_no integer not null,
        primary key (acc_no)
    )
Hibernate: 
    
    create table restaurant (
       res_no integer generated by default as identity,
        res_address varchar(255),
        res_img varchar(255),
        res_name varchar(255),
        res_tel varchar(255),
        save_no integer not null,
        user_no integer not null,
        primary key (res_no)
    )
Hibernate: 
    
    create table save (
       save_no integer generated by default as identity,
        end_date timestamp,
        end_place varchar(255),
        first_date timestamp,
        first_place varchar(255),
        save_title varchar(255),
        todo varchar(255),
        user_no integer not null,
        primary key (save_no)
    )
Hibernate: 
    
    create table tour (
       tour_no integer generated by default as identity,
        save_no integer not null,
        tour_address varchar(255),
        tour_img varchar(255),
        tour_name varchar(255),
        user_no integer not null,
        primary key (tour_no)
    )
Hibernate: 
    
    create table transportation (
       trans_no integer generated by default as identity,
        end_place varchar(255),
        first_place varchar(255),
        save_no integer not null,
        time timestamp,
        trans_name varchar(255),
        user_no integer not null,
        primary key (trans_no)
    )
Hibernate: 
    
    create table users (
       user_no integer generated by default as identity,
        email varchar(255),
        login_id varchar(255),
        pw varchar(255),
        tel varchar(255),
        primary key (user_no)
    )
]]></system-out>
  <system-err><![CDATA[]]></system-err>
</testsuite>
