<?xml version="1.0" encoding="UTF-8"?>
<testsuite name="sky.yp.YourPlannerApplicationTests" tests="1" skipped="0" failures="0" errors="0" timestamp="2024-06-13T00:32:06" hostname="DESKTOP-4LG0RS3" time="0.172">
  <properties/>
  <testcase name="contextLoads()" classname="sky.yp.YourPlannerApplicationTests" time="0.172"/>
  <system-out><![CDATA[09:32:01.502 [Test worker] DEBUG org.springframework.test.context.BootstrapUtils - Instantiating CacheAwareContextLoaderDelegate from class [org.springframework.test.context.cache.DefaultCacheAwareContextLoaderDelegate]
09:32:01.502 [Test worker] DEBUG org.springframework.test.context.BootstrapUtils - Instantiating BootstrapContext using constructor [public org.springframework.test.context.support.DefaultBootstrapContext(java.lang.Class,org.springframework.test.context.CacheAwareContextLoaderDelegate)]
09:32:01.549 [Test worker] DEBUG org.springframework.test.context.BootstrapUtils - Instantiating TestContextBootstrapper for test class [sky.yp.YourPlannerApplicationTests] from class [org.springframework.boot.test.context.SpringBootTestContextBootstrapper]
09:32:01.557 [Test worker] INFO org.springframework.boot.test.context.SpringBootTestContextBootstrapper - Neither @ContextConfiguration nor @ContextHierarchy found for test class [sky.yp.YourPlannerApplicationTests], using SpringBootContextLoader
09:32:01.557 [Test worker] DEBUG org.springframework.test.context.support.AbstractContextLoader - Did not detect default resource location for test class [sky.yp.YourPlannerApplicationTests]: class path resource [sky/yp/YourPlannerApplicationTests-context.xml] does not exist
09:32:01.557 [Test worker] DEBUG org.springframework.test.context.support.AbstractContextLoader - Did not detect default resource location for test class [sky.yp.YourPlannerApplicationTests]: class path resource [sky/yp/YourPlannerApplicationTestsContext.groovy] does not exist
09:32:01.557 [Test worker] INFO org.springframework.test.context.support.AbstractContextLoader - Could not detect default resource locations for test class [sky.yp.YourPlannerApplicationTests]: no resource found for suffixes {-context.xml, Context.groovy}.
09:32:01.557 [Test worker] INFO org.springframework.test.context.support.AnnotationConfigContextLoaderUtils - Could not detect default configuration classes for test class [sky.yp.YourPlannerApplicationTests]: YourPlannerApplicationTests does not declare any static, non-private, non-final, nested classes annotated with @Configuration.
09:32:01.588 [Test worker] DEBUG org.springframework.test.context.support.ActiveProfilesUtils - Could not find an 'annotation declaring class' for annotation type [org.springframework.test.context.ActiveProfiles] and class [sky.yp.YourPlannerApplicationTests]
09:32:01.652 [Test worker] DEBUG org.springframework.context.annotation.ClassPathScanningCandidateComponentProvider - Identified candidate component class: file [C:\Users\admin\Documents\GitHub\YourPlanner\build\classes\java\main\sky\yp\YourPlannerApplication.class]
09:32:01.652 [Test worker] INFO org.springframework.boot.test.context.SpringBootTestContextBootstrapper - Found @SpringBootConfiguration sky.yp.YourPlannerApplication for test class sky.yp.YourPlannerApplicationTests
09:32:01.747 [Test worker] DEBUG org.springframework.boot.test.context.SpringBootTestContextBootstrapper - @TestExecutionListeners is not present for class [sky.yp.YourPlannerApplicationTests]: using defaults.
09:32:01.747 [Test worker] INFO org.springframework.boot.test.context.SpringBootTestContextBootstrapper - Loaded default TestExecutionListener class names from location [META-INF/spring.factories]: [org.springframework.boot.test.autoconfigure.restdocs.RestDocsTestExecutionListener, org.springframework.boot.test.autoconfigure.web.client.MockRestServiceServerResetTestExecutionListener, org.springframework.boot.test.autoconfigure.web.servlet.MockMvcPrintOnlyOnFailureTestExecutionListener, org.springframework.boot.test.autoconfigure.web.servlet.WebDriverTestExecutionListener, org.springframework.boot.test.autoconfigure.webservices.client.MockWebServiceServerTestExecutionListener, org.springframework.boot.test.mock.mockito.MockitoTestExecutionListener, org.springframework.boot.test.mock.mockito.ResetMocksTestExecutionListener, org.springframework.test.context.web.ServletTestExecutionListener, org.springframework.test.context.support.DirtiesContextBeforeModesTestExecutionListener, org.springframework.test.context.event.ApplicationEventsTestExecutionListener, org.springframework.test.context.support.DependencyInjectionTestExecutionListener, org.springframework.test.context.support.DirtiesContextTestExecutionListener, org.springframework.test.context.transaction.TransactionalTestExecutionListener, org.springframework.test.context.jdbc.SqlScriptsTestExecutionListener, org.springframework.test.context.event.EventPublishingTestExecutionListener]
09:32:01.762 [Test worker] INFO org.springframework.boot.test.context.SpringBootTestContextBootstrapper - Using TestExecutionListeners: [org.springframework.test.context.web.ServletTestExecutionListener@5f59185e, org.springframework.test.context.support.DirtiesContextBeforeModesTestExecutionListener@60bdf15d, org.springframework.test.context.event.ApplicationEventsTestExecutionListener@47da3952, org.springframework.boot.test.mock.mockito.MockitoTestExecutionListener@51e4ccb3, org.springframework.boot.test.autoconfigure.SpringBootDependencyInjectionTestExecutionListener@46e8a539, org.springframework.test.context.support.DirtiesContextTestExecutionListener@495083a0, org.springframework.test.context.transaction.TransactionalTestExecutionListener@5fd62371, org.springframework.test.context.jdbc.SqlScriptsTestExecutionListener@28a0fd6c, org.springframework.test.context.event.EventPublishingTestExecutionListener@2b62442c, org.springframework.boot.test.autoconfigure.restdocs.RestDocsTestExecutionListener@66629f63, org.springframework.boot.test.autoconfigure.web.client.MockRestServiceServerResetTestExecutionListener@841e575, org.springframework.boot.test.autoconfigure.web.servlet.MockMvcPrintOnlyOnFailureTestExecutionListener@27a5328c, org.springframework.boot.test.autoconfigure.web.servlet.WebDriverTestExecutionListener@1e5f4170, org.springframework.boot.test.autoconfigure.webservices.client.MockWebServiceServerTestExecutionListener@6c345c5f, org.springframework.boot.test.mock.mockito.ResetMocksTestExecutionListener@6b5966e1]
09:32:01.762 [Test worker] DEBUG org.springframework.test.context.support.AbstractDirtiesContextTestExecutionListener - Before test class: context [DefaultTestContext@25bcd0c7 testClass = YourPlannerApplicationTests, testInstance = [null], testMethod = [null], testException = [null], mergedContextConfiguration = [WebMergedContextConfiguration@32cb636e testClass = YourPlannerApplicationTests, locations = '{}', classes = '{class sky.yp.YourPlannerApplication}', contextInitializerClasses = '[]', activeProfiles = '{}', propertySourceLocations = '{}', propertySourceProperties = '{org.springframework.boot.test.context.SpringBootTestContextBootstrapper=true}', contextCustomizers = set[org.springframework.boot.test.autoconfigure.actuate.metrics.MetricsExportContextCustomizerFactory$DisableMetricExportContextCustomizer@2dc995f4, org.springframework.boot.test.autoconfigure.properties.PropertyMappingContextCustomizer@0, org.springframework.boot.test.autoconfigure.web.servlet.WebDriverContextCustomizerFactory$Customizer@2654635, org.springframework.boot.test.context.filter.ExcludeFilterContextCustomizer@1e636ea3, org.springframework.boot.test.json.DuplicateJsonObjectContextCustomizerFactory$DuplicateJsonObjectContextCustomizer@63f8276e, org.springframework.boot.test.mock.mockito.MockitoContextCustomizer@0, org.springframework.boot.test.web.client.TestRestTemplateContextCustomizer@6179e425, org.springframework.boot.test.context.SpringBootTestArgs@1, org.springframework.boot.test.context.SpringBootTestWebEnvironment@201a4587], resourceBasePath = 'src/main/webapp', contextLoader = 'org.springframework.boot.test.context.SpringBootContextLoader', parent = [null]], attributes = map['org.springframework.test.context.web.ServletTestExecutionListener.activateListener' -> true]], class annotated with @DirtiesContext [false] with mode [null].
09:32:02,013 |-INFO in ch.qos.logback.core.joran.action.AppenderAction - About to instantiate appender of type [ch.qos.logback.core.ConsoleAppender]
09:32:02,013 |-INFO in ch.qos.logback.core.joran.action.AppenderAction - Naming appender as [console]
09:32:02,029 |-INFO in ch.qos.logback.core.joran.action.NestedComplexPropertyIA - Assuming default type [ch.qos.logback.classic.encoder.PatternLayoutEncoder] for [encoder] property
09:32:02,045 |-INFO in ch.qos.logback.core.joran.action.AppenderAction - About to instantiate appender of type [ch.qos.logback.core.ConsoleAppender]
09:32:02,045 |-INFO in ch.qos.logback.core.joran.action.AppenderAction - Naming appender as [console-infolog]
09:32:02,045 |-INFO in ch.qos.logback.core.joran.action.NestedComplexPropertyIA - Assuming default type [ch.qos.logback.classic.encoder.PatternLayoutEncoder] for [encoder] property
09:32:02,045 |-INFO in ch.qos.logback.classic.joran.action.LoggerAction - Setting level of logger [com.sky.lms_web_service] to DEBUG
09:32:02,045 |-INFO in ch.qos.logback.classic.jul.LevelChangePropagator@2d195ee4 - Propagating DEBUG level on Logger[com.sky.lms_web_service] onto the JUL framework
09:32:02,045 |-INFO in ch.qos.logback.classic.joran.action.LoggerAction - Setting level of logger [jdbc.sqlonly] to INFO
09:32:02,045 |-INFO in ch.qos.logback.classic.jul.LevelChangePropagator@2d195ee4 - Propagating INFO level on Logger[jdbc.sqlonly] onto the JUL framework
09:32:02,045 |-INFO in ch.qos.logback.classic.joran.action.LoggerAction - Setting level of logger [jdbc.resultsettable] to INFO
09:32:02,045 |-INFO in ch.qos.logback.classic.jul.LevelChangePropagator@2d195ee4 - Propagating INFO level on Logger[jdbc.resultsettable] onto the JUL framework
09:32:02,045 |-INFO in ch.qos.logback.classic.joran.action.LoggerAction - Setting level of logger [org.springframework] to ERROR
09:32:02,045 |-INFO in ch.qos.logback.classic.jul.LevelChangePropagator@2d195ee4 - Propagating ERROR level on Logger[org.springframework] onto the JUL framework
09:32:02,045 |-INFO in ch.qos.logback.classic.joran.action.LoggerAction - Setting level of logger [org.springframework.jdbc] to ERROR
09:32:02,045 |-INFO in ch.qos.logback.classic.jul.LevelChangePropagator@2d195ee4 - Propagating ERROR level on Logger[org.springframework.jdbc] onto the JUL framework
09:32:02,045 |-INFO in ch.qos.logback.classic.joran.action.RootLoggerAction - Setting level of ROOT logger to ERROR
09:32:02,045 |-INFO in ch.qos.logback.classic.jul.LevelChangePropagator@2d195ee4 - Propagating ERROR level on Logger[ROOT] onto the JUL framework
09:32:02,045 |-INFO in ch.qos.logback.core.joran.action.AppenderRefAction - Attaching appender named [console] to Logger[ROOT]
09:32:02,045 |-INFO in ch.qos.logback.classic.joran.action.ConfigurationAction - End of configuration.
09:32:02,045 |-INFO in org.springframework.boot.logging.logback.SpringBootJoranConfigurator@1280851e - Registering current configuration as safe fallback point
09:32:02,050 |-INFO in ch.qos.logback.classic.jul.LevelChangePropagator@2d195ee4 - Propagating DEBUG level on Logger[org.springframework.web.reactive.function.client] onto the JUL framework
09:32:02,050 |-INFO in ch.qos.logback.classic.jul.LevelChangePropagator@2d195ee4 - Propagating DEBUG level on Logger[reactor.netty.http.client] onto the JUL framework

  .   ____          _            __ _ _
 /\\ / ___'_ __ _ _(_)_ __  __ _ \ \ \ \
( ( )\___ | '_ | '_| | '_ \/ _` | \ \ \ \
 \\/  ___)| |_)| | | | | || (_| |  ) ) ) )
  '  |____| .__|_| |_|_| |_\__, | / / / /
 =========|_|==============|___/=/_/_/_/
 :: Spring Boot ::               (v2.7.18)

Hibernate: 
    
    create table accommodation (
       accno integer generated by default as identity,
        accaddress varchar(255),
        accimg varchar(255),
        accname varchar(255),
        acctel varchar(255),
        saveno integer,
        userno integer,
        primary key (accno)
    )
Hibernate: 
    
    create table restaurant (
       resno integer generated by default as identity,
        resaddress varchar(255),
        resimg varchar(255),
        resname varchar(255),
        restel varchar(255),
        saveno integer,
        userno integer,
        primary key (resno)
    )
Hibernate: 
    
    create table save (
       save_no integer generated by default as identity,
        end_date varchar(255),
        end_place varchar(255),
        first_date varchar(255),
        first_place varchar(255),
        save_title varchar(255),
        todo varchar(255),
        user_no integer not null,
        primary key (save_no)
    )
Hibernate: 
    
    create table tour (
       tourno integer generated by default as identity,
        saveno integer,
        touraddress varchar(255),
        tourimg varchar(255),
        tourname varchar(255),
        userno integer,
        primary key (tourno)
    )
Hibernate: 
    
    create table transportation (
       transno integer generated by default as identity,
        endplace varchar(255),
        endtime bigint,
        firstplace varchar(255),
        firsttime bigint,
        saveno integer,
        transname varchar(255),
        userno integer,
        primary key (transno)
    )
Hibernate: 
    
    create table users (
       user_no integer generated by default as identity,
        email varchar(255),
        login_id varchar(255),
        pw varchar(255),
        tel varchar(255),
        primary key (user_no)
    )
]]></system-out>
  <system-err><![CDATA[]]></system-err>
</testsuite>
