<?xml version="1.0" encoding="UTF-8"?>
<testsuite name="sky.yp.YourPlannerApplicationTests" tests="1" skipped="0" failures="0" errors="0" timestamp="2024-06-04T08:55:40" hostname="DESKTOP-4LG0RS3" time="0.242">
  <properties/>
  <testcase name="contextLoads()" classname="sky.yp.YourPlannerApplicationTests" time="0.242"/>
  <system-out><![CDATA[17:55:37.205 [Test worker] DEBUG org.springframework.test.context.BootstrapUtils - Instantiating CacheAwareContextLoaderDelegate from class [org.springframework.test.context.cache.DefaultCacheAwareContextLoaderDelegate]
17:55:37.205 [Test worker] DEBUG org.springframework.test.context.BootstrapUtils - Instantiating BootstrapContext using constructor [public org.springframework.test.context.support.DefaultBootstrapContext(java.lang.Class,org.springframework.test.context.CacheAwareContextLoaderDelegate)]
17:55:37.252 [Test worker] DEBUG org.springframework.test.context.BootstrapUtils - Instantiating TestContextBootstrapper for test class [sky.yp.YourPlannerApplicationTests] from class [org.springframework.boot.test.context.SpringBootTestContextBootstrapper]
17:55:37.252 [Test worker] INFO org.springframework.boot.test.context.SpringBootTestContextBootstrapper - Neither @ContextConfiguration nor @ContextHierarchy found for test class [sky.yp.YourPlannerApplicationTests], using SpringBootContextLoader
17:55:37.252 [Test worker] DEBUG org.springframework.test.context.support.AbstractContextLoader - Did not detect default resource location for test class [sky.yp.YourPlannerApplicationTests]: class path resource [sky/yp/YourPlannerApplicationTests-context.xml] does not exist
17:55:37.252 [Test worker] DEBUG org.springframework.test.context.support.AbstractContextLoader - Did not detect default resource location for test class [sky.yp.YourPlannerApplicationTests]: class path resource [sky/yp/YourPlannerApplicationTestsContext.groovy] does not exist
17:55:37.252 [Test worker] INFO org.springframework.test.context.support.AbstractContextLoader - Could not detect default resource locations for test class [sky.yp.YourPlannerApplicationTests]: no resource found for suffixes {-context.xml, Context.groovy}.
17:55:37.252 [Test worker] INFO org.springframework.test.context.support.AnnotationConfigContextLoaderUtils - Could not detect default configuration classes for test class [sky.yp.YourPlannerApplicationTests]: YourPlannerApplicationTests does not declare any static, non-private, non-final, nested classes annotated with @Configuration.
17:55:37.283 [Test worker] DEBUG org.springframework.test.context.support.ActiveProfilesUtils - Could not find an 'annotation declaring class' for annotation type [org.springframework.test.context.ActiveProfiles] and class [sky.yp.YourPlannerApplicationTests]
17:55:37.330 [Test worker] DEBUG org.springframework.context.annotation.ClassPathScanningCandidateComponentProvider - Identified candidate component class: file [C:\Users\admin\Documents\GitHub\YourPlanner\build\classes\java\main\sky\yp\YourPlannerApplication.class]
17:55:37.346 [Test worker] INFO org.springframework.boot.test.context.SpringBootTestContextBootstrapper - Found @SpringBootConfiguration sky.yp.YourPlannerApplication for test class sky.yp.YourPlannerApplicationTests
17:55:37.424 [Test worker] DEBUG org.springframework.boot.test.context.SpringBootTestContextBootstrapper - @TestExecutionListeners is not present for class [sky.yp.YourPlannerApplicationTests]: using defaults.
17:55:37.424 [Test worker] INFO org.springframework.boot.test.context.SpringBootTestContextBootstrapper - Loaded default TestExecutionListener class names from location [META-INF/spring.factories]: [org.springframework.boot.test.autoconfigure.restdocs.RestDocsTestExecutionListener, org.springframework.boot.test.autoconfigure.web.client.MockRestServiceServerResetTestExecutionListener, org.springframework.boot.test.autoconfigure.web.servlet.MockMvcPrintOnlyOnFailureTestExecutionListener, org.springframework.boot.test.autoconfigure.web.servlet.WebDriverTestExecutionListener, org.springframework.boot.test.autoconfigure.webservices.client.MockWebServiceServerTestExecutionListener, org.springframework.boot.test.mock.mockito.MockitoTestExecutionListener, org.springframework.boot.test.mock.mockito.ResetMocksTestExecutionListener, org.springframework.test.context.web.ServletTestExecutionListener, org.springframework.test.context.support.DirtiesContextBeforeModesTestExecutionListener, org.springframework.test.context.event.ApplicationEventsTestExecutionListener, org.springframework.test.context.support.DependencyInjectionTestExecutionListener, org.springframework.test.context.support.DirtiesContextTestExecutionListener, org.springframework.test.context.transaction.TransactionalTestExecutionListener, org.springframework.test.context.jdbc.SqlScriptsTestExecutionListener, org.springframework.test.context.event.EventPublishingTestExecutionListener]
17:55:37.440 [Test worker] INFO org.springframework.boot.test.context.SpringBootTestContextBootstrapper - Using TestExecutionListeners: [org.springframework.test.context.web.ServletTestExecutionListener@63c5efee, org.springframework.test.context.support.DirtiesContextBeforeModesTestExecutionListener@2d10e0b1, org.springframework.test.context.event.ApplicationEventsTestExecutionListener@1c98290c, org.springframework.boot.test.mock.mockito.MockitoTestExecutionListener@172ca72b, org.springframework.boot.test.autoconfigure.SpringBootDependencyInjectionTestExecutionListener@5bda80bf, org.springframework.test.context.support.DirtiesContextTestExecutionListener@71e5f61d, org.springframework.test.context.transaction.TransactionalTestExecutionListener@2ce86164, org.springframework.test.context.jdbc.SqlScriptsTestExecutionListener@5e8f9e2d, org.springframework.test.context.event.EventPublishingTestExecutionListener@51df223b, org.springframework.boot.test.autoconfigure.restdocs.RestDocsTestExecutionListener@fd46303, org.springframework.boot.test.autoconfigure.web.client.MockRestServiceServerResetTestExecutionListener@60d8c0dc, org.springframework.boot.test.autoconfigure.web.servlet.MockMvcPrintOnlyOnFailureTestExecutionListener@4204541c, org.springframework.boot.test.autoconfigure.web.servlet.WebDriverTestExecutionListener@6a62689d, org.springframework.boot.test.autoconfigure.webservices.client.MockWebServiceServerTestExecutionListener@4602c2a9, org.springframework.boot.test.mock.mockito.ResetMocksTestExecutionListener@60fa3495]
17:55:37.440 [Test worker] DEBUG org.springframework.test.context.support.AbstractDirtiesContextTestExecutionListener - Before test class: context [DefaultTestContext@94f6bfb testClass = YourPlannerApplicationTests, testInstance = [null], testMethod = [null], testException = [null], mergedContextConfiguration = [WebMergedContextConfiguration@34645867 testClass = YourPlannerApplicationTests, locations = '{}', classes = '{class sky.yp.YourPlannerApplication}', contextInitializerClasses = '[]', activeProfiles = '{}', propertySourceLocations = '{}', propertySourceProperties = '{org.springframework.boot.test.context.SpringBootTestContextBootstrapper=true}', contextCustomizers = set[org.springframework.boot.test.autoconfigure.actuate.metrics.MetricsExportContextCustomizerFactory$DisableMetricExportContextCustomizer@33fe57a9, org.springframework.boot.test.autoconfigure.properties.PropertyMappingContextCustomizer@0, org.springframework.boot.test.autoconfigure.web.servlet.WebDriverContextCustomizerFactory$Customizer@63798ca7, org.springframework.boot.test.context.filter.ExcludeFilterContextCustomizer@2a448449, org.springframework.boot.test.json.DuplicateJsonObjectContextCustomizerFactory$DuplicateJsonObjectContextCustomizer@2dc995f4, org.springframework.boot.test.mock.mockito.MockitoContextCustomizer@0, org.springframework.boot.test.web.client.TestRestTemplateContextCustomizer@5629510, org.springframework.boot.test.context.SpringBootTestArgs@1, org.springframework.boot.test.context.SpringBootTestWebEnvironment@6e0f5f7f], resourceBasePath = 'src/main/webapp', contextLoader = 'org.springframework.boot.test.context.SpringBootContextLoader', parent = [null]], attributes = map['org.springframework.test.context.web.ServletTestExecutionListener.activateListener' -> true]], class annotated with @DirtiesContext [false] with mode [null].
17:55:37,661 |-INFO in ch.qos.logback.core.joran.action.AppenderAction - About to instantiate appender of type [ch.qos.logback.core.ConsoleAppender]
17:55:37,661 |-INFO in ch.qos.logback.core.joran.action.AppenderAction - Naming appender as [console]
17:55:37,661 |-INFO in ch.qos.logback.core.joran.action.NestedComplexPropertyIA - Assuming default type [ch.qos.logback.classic.encoder.PatternLayoutEncoder] for [encoder] property
17:55:37,675 |-INFO in ch.qos.logback.core.joran.action.AppenderAction - About to instantiate appender of type [ch.qos.logback.core.ConsoleAppender]
17:55:37,675 |-INFO in ch.qos.logback.core.joran.action.AppenderAction - Naming appender as [console-infolog]
17:55:37,675 |-INFO in ch.qos.logback.core.joran.action.NestedComplexPropertyIA - Assuming default type [ch.qos.logback.classic.encoder.PatternLayoutEncoder] for [encoder] property
17:55:37,675 |-INFO in ch.qos.logback.classic.joran.action.LoggerAction - Setting level of logger [com.sky.lms_web_service] to DEBUG
17:55:37,675 |-INFO in ch.qos.logback.classic.jul.LevelChangePropagator@a567e72 - Propagating DEBUG level on Logger[com.sky.lms_web_service] onto the JUL framework
17:55:37,681 |-INFO in ch.qos.logback.classic.joran.action.LoggerAction - Setting level of logger [jdbc.sqlonly] to INFO
17:55:37,681 |-INFO in ch.qos.logback.classic.jul.LevelChangePropagator@a567e72 - Propagating INFO level on Logger[jdbc.sqlonly] onto the JUL framework
17:55:37,681 |-INFO in ch.qos.logback.classic.joran.action.LoggerAction - Setting level of logger [jdbc.resultsettable] to INFO
17:55:37,681 |-INFO in ch.qos.logback.classic.jul.LevelChangePropagator@a567e72 - Propagating INFO level on Logger[jdbc.resultsettable] onto the JUL framework
17:55:37,681 |-INFO in ch.qos.logback.classic.joran.action.LoggerAction - Setting level of logger [org.springframework] to ERROR
17:55:37,681 |-INFO in ch.qos.logback.classic.jul.LevelChangePropagator@a567e72 - Propagating ERROR level on Logger[org.springframework] onto the JUL framework
17:55:37,681 |-INFO in ch.qos.logback.classic.joran.action.LoggerAction - Setting level of logger [org.springframework.jdbc] to ERROR
17:55:37,681 |-INFO in ch.qos.logback.classic.jul.LevelChangePropagator@a567e72 - Propagating ERROR level on Logger[org.springframework.jdbc] onto the JUL framework
17:55:37,681 |-INFO in ch.qos.logback.classic.joran.action.RootLoggerAction - Setting level of ROOT logger to ERROR
17:55:37,681 |-INFO in ch.qos.logback.classic.jul.LevelChangePropagator@a567e72 - Propagating ERROR level on Logger[ROOT] onto the JUL framework
17:55:37,681 |-INFO in ch.qos.logback.core.joran.action.AppenderRefAction - Attaching appender named [console] to Logger[ROOT]
17:55:37,681 |-INFO in ch.qos.logback.classic.joran.action.ConfigurationAction - End of configuration.
17:55:37,681 |-INFO in org.springframework.boot.logging.logback.SpringBootJoranConfigurator@71a3a190 - Registering current configuration as safe fallback point

  .   ____          _            __ _ _
 /\\ / ___'_ __ _ _(_)_ __  __ _ \ \ \ \
( ( )\___ | '_ | '_| | '_ \/ _` | \ \ \ \
 \\/  ___)| |_)| | | | | || (_| |  ) ) ) )
  '  |____| .__|_| |_|_| |_\__, | / / / /
 =========|_|==============|___/=/_/_/_/
 :: Spring Boot ::               (v2.7.18)

]]></system-out>
  <system-err><![CDATA[]]></system-err>
</testsuite>
